# Task 3

```sql
CREATE TABLE tmp1 as select * from tmp;

--Elapsed: 00:00:33.354
--
-------------------------------------------------------------------------------------------
--| Id  | Operation                        | Name | Rows  | Bytes | Cost (%CPU)| Time     |
-------------------------------------------------------------------------------------------
--|   0 | CREATE TABLE STATEMENT           |      |   160K|    51M|  3242   (1)| 00:00:01 |
--|   1 |  LOAD AS SELECT                  | TMP1 |       |       |            |          |
--|   2 |   OPTIMIZER STATISTICS GATHERING |      |   160K|    51M|  2381   (1)| 00:00:01 |
--|   3 |    TABLE ACCESS FULL             | TMP  |   160K|    51M|  2381   (1)| 00:00:01 |
-------------------------------------------------------------------------------------------



CREATE TABLE tmp1 parallel 5 as select * from tmp;
--Elapsed: 00:00:09.863
-- 
------------------------------------------------------------------------------------------------------------------------------
--| Id  | Operation                          | Name     | Rows  | Bytes | Cost (%CPU)| Time     |    TQ  |IN-OUT| PQ Distrib |
------------------------------------------------------------------------------------------------------------------------------
--|   0 | CREATE TABLE STATEMENT             |          |   160K|    51M|   438   (0)| 00:00:01 |        |      |            |
--|   1 |  PX COORDINATOR                    |          |       |       |            |          |        |      |            |
--|   2 |   PX SEND QC (RANDOM)              | :TQ10000 |   160K|    51M|   331   (1)| 00:00:01 |  Q1,00 | P->S | QC (RAND)  |
--|   3 |    LOAD AS SELECT (HYBRID TSM/HWMB)| TMP1     |       |       |            |          |  Q1,00 | PCWP |            |
--|   4 |     OPTIMIZER STATISTICS GATHERING |          |   160K|    51M|   331   (1)| 00:00:01 |  Q1,00 | PCWP |            |
--|   5 |      PX BLOCK ITERATOR             |          |   160K|    51M|   331   (1)| 00:00:01 |  Q1,00 | PCWC |            |
--|   6 |       TABLE ACCESS FULL            | TMP      |   160K|    51M|   331   (1)| 00:00:01 |  Q1,00 | PCWP |            |
------------------------------------------------------------------------------------------------------------------------------
             | Elapsed
---------------------------
Not parallel | 00:00:33.354
With parallel| 00:00:09.863
```


