# Task 5

```sql

EXPLAIN PLAN FOR
SELECT*
    FROM EMP e, DEPT d;

SELECT * FROM table (DBMS_XPLAN.DISPLAY);

-------------------------------------------------------------------------------
--| Id  | Operation            | Name | Rows  | Bytes | Cost (%CPU)| Time     |
-------------------------------------------------------------------------------
--|   0 | SELECT STATEMENT     |      |     1 |   107 |     8   (0)| 00:00:01 |
--|   1 |  MERGE JOIN CARTESIAN|      |     1 |   107 |     8   (0)| 00:00:01 |
--|   2 |   TABLE ACCESS FULL  | EMP  |     1 |    87 |     4   (0)| 00:00:01 |
--|   3 |   BUFFER SORT        |      |     4 |    80 |     4   (0)| 00:00:01 |
--|   4 |    TABLE ACCESS FULL | DEPT |     4 |    80 |     4   (0)| 00:00:01 |
-------------------------------------------------------------------------------
```
СARTESIAN JOIN производит декартово произведение множеств записей 
из двух или более соединенных таблиц.